c:\users\c0065661\source\repos\csc8502\nclgl\x64\debug\nclgl.pdb
c:\users\c0065661\source\repos\csc8502\nclgl\x64\debug\nclgl.idb
c:\users\c0065661\source\repos\csc8502\nclgl\x64\debug\glad.obj
c:\users\c0065661\source\repos\csc8502\nclgl\x64\debug\shader.obj
c:\users\c0065661\source\repos\csc8502\nclgl\x64\debug\scenenode.obj
c:\users\c0065661\source\repos\csc8502\nclgl\x64\debug\quaternion.obj
c:\users\c0065661\source\repos\csc8502\nclgl\x64\debug\plane.obj
c:\users\c0065661\source\repos\csc8502\nclgl\x64\debug\oglrenderer.obj
c:\users\c0065661\source\repos\csc8502\nclgl\x64\debug\mouse.obj
c:\users\c0065661\source\repos\csc8502\nclgl\x64\debug\meshmaterial.obj
c:\users\c0065661\source\repos\csc8502\nclgl\x64\debug\meshanimation.obj
c:\users\c0065661\source\repos\csc8502\nclgl\x64\debug\mesh.obj
c:\users\c0065661\source\repos\csc8502\nclgl\x64\debug\matrix4.obj
c:\users\c0065661\source\repos\csc8502\nclgl\x64\debug\matrix3.obj
c:\users\c0065661\source\repos\csc8502\nclgl\x64\debug\matrix2.obj
c:\users\c0065661\source\repos\csc8502\nclgl\x64\debug\light.obj
c:\users\c0065661\source\repos\csc8502\nclgl\x64\debug\keyboard.obj
c:\users\c0065661\source\repos\csc8502\nclgl\x64\debug\heightmap.obj
c:\users\c0065661\source\repos\csc8502\nclgl\x64\debug\gametimer.obj
c:\users\c0065661\source\repos\csc8502\nclgl\x64\debug\frustum.obj
c:\users\c0065661\source\repos\csc8502\nclgl\x64\debug\cuberobot.obj
c:\users\c0065661\source\repos\csc8502\nclgl\x64\debug\computeshader.obj
c:\users\c0065661\source\repos\csc8502\nclgl\x64\debug\camera.obj
c:\users\c0065661\source\repos\csc8502\nclgl\x64\debug\window.obj
c:\users\c0065661\source\repos\csc8502\x64\debug\nclgl.lib
c:\users\c0065661\source\repos\csc8502\x64\debug\nclgl.pdb
c:\users\c0065661\source\repos\csc8502\nclgl\x64\debug\nclgl.tlog\cl.command.1.tlog
c:\users\c0065661\source\repos\csc8502\nclgl\x64\debug\nclgl.tlog\cl.read.1.tlog
c:\users\c0065661\source\repos\csc8502\nclgl\x64\debug\nclgl.tlog\cl.write.1.tlog
c:\users\c0065661\source\repos\csc8502\nclgl\x64\debug\nclgl.tlog\lib-link.read.1.tlog
c:\users\c0065661\source\repos\csc8502\nclgl\x64\debug\nclgl.tlog\lib-link.write.1.tlog
c:\users\c0065661\source\repos\csc8502\nclgl\x64\debug\nclgl.tlog\lib.command.1.tlog
