c:\users\omistaja\source\repos\csc8502\blank project\x64\debug\vc142.pdb
c:\users\omistaja\source\repos\csc8502\blank project\x64\debug\vc142.idb
c:\users\omistaja\source\repos\csc8502\blank project\x64\debug\triangle.obj
c:\users\omistaja\source\repos\csc8502\blank project\x64\debug\renderer.obj
c:\users\omistaja\source\repos\csc8502\blank project\x64\debug\blankproject.obj
c:\users\omistaja\source\repos\csc8502\x64\debug\blank project.exe
c:\users\omistaja\source\repos\csc8502\x64\debug\blank project.ilk
c:\users\omistaja\source\repos\csc8502\x64\debug\blank project.pdb
c:\users\c0065661\source\repos\csc8502\blank project\x64\debug\blankproject.obj
c:\users\c0065661\source\repos\csc8502\blank project\x64\debug\renderer.obj
c:\users\c0065661\source\repos\csc8502\blank project\x64\debug\triangle.obj
c:\users\c0065661\source\repos\csc8502\blank project\x64\debug\vc142.idb
c:\users\c0065661\source\repos\csc8502\blank project\x64\debug\vc142.pdb
c:\users\c0065661\source\repos\csc8502\x64\debug\blank project.pdb
c:\users\c0065661\source\repos\csc8502\x64\debug\blank project.exe
c:\users\c0065661\source\repos\csc8502\x64\debug\blank project.ilk
c:\users\c0065661\source\repos\csc8502\blank project\x64\debug\blank project.tlog\cl.command.1.tlog
c:\users\c0065661\source\repos\csc8502\blank project\x64\debug\blank project.tlog\cl.read.1.tlog
c:\users\c0065661\source\repos\csc8502\blank project\x64\debug\blank project.tlog\cl.write.1.tlog
c:\users\c0065661\source\repos\csc8502\blank project\x64\debug\blank project.tlog\link.command.1.tlog
c:\users\c0065661\source\repos\csc8502\blank project\x64\debug\blank project.tlog\link.read.1.tlog
c:\users\c0065661\source\repos\csc8502\blank project\x64\debug\blank project.tlog\link.write.1.tlog
